<?xml version="1.0" encoding="UTF-8"?>
<!-- Generated by org.testng.reporters.JUnitReportReporter -->
<testsuite hostname="SHANKAR" name="QSpisers.Chrome" tests="1" failures="0" timestamp="26 Feb 2019 11:00:16 GMT" time="54.059" errors="0">
  <testcase name="testA" time="54.059" classname="QSpisers.Chrome"/>
</testsuite> <!-- QSpisers.Chrome -->
